[32m2022-04-20 21:24:01 -0400[0m - dagster - [34mDEBUG[0m - dbt_transforms - b320f3f4-f455-48e8-b55b-9b3a0ec409be - 47358 - run_dbt_dbt_nhl_analytics - LOGS_CAPTURED - Started capturing logs for step: run_dbt_dbt_nhl_analytics.
[32m2022-04-20 21:24:01 -0400[0m - dagster - [34mDEBUG[0m - dbt_transforms - b320f3f4-f455-48e8-b55b-9b3a0ec409be - 47358 - run_dbt_dbt_nhl_analytics - STEP_START - Started execution of step "run_dbt_dbt_nhl_analytics".
[32m2022-04-20 21:24:01 -0400[0m - dagster - [34mINFO[0m - resource:dbt - b320f3f4-f455-48e8-b55b-9b3a0ec409be - run_dbt_dbt_nhl_analytics - Executing command: dbt --log-format json run --project-dir dbt --vars {"run_date": "2022-04-19"} --profiles-dir dbt --select *
[32m2022-04-20 21:24:04 -0400[0m - dagster - [34mINFO[0m - resource:dbt - b320f3f4-f455-48e8-b55b-9b3a0ec409be - run_dbt_dbt_nhl_analytics - Running with dbt=1.0.0
[32m2022-04-20 21:24:04 -0400[0m - dagster - [34mINFO[0m - resource:dbt - b320f3f4-f455-48e8-b55b-9b3a0ec409be - run_dbt_dbt_nhl_analytics - Unable to do partial parsing because config vars, config profile, or config target have changed
[32m2022-04-20 21:24:06 -0400[0m - dagster - [34mINFO[0m - resource:dbt - b320f3f4-f455-48e8-b55b-9b3a0ec409be - run_dbt_dbt_nhl_analytics - Found 13 models, 0 tests, 0 snapshots, 0 analyses, 381 macros, 0 operations, 0 seed files, 1 source, 0 exposures, 0 metrics
[32m2022-04-20 21:24:09 -0400[0m - dagster - [34mINFO[0m - resource:dbt - b320f3f4-f455-48e8-b55b-9b3a0ec409be - run_dbt_dbt_nhl_analytics - Concurrency: 200 threads (target='dev')
[32m2022-04-20 21:24:09 -0400[0m - dagster - [34mINFO[0m - resource:dbt - b320f3f4-f455-48e8-b55b-9b3a0ec409be - run_dbt_dbt_nhl_analytics - 1 of 13 START incremental model DBT_ARYAN.stg_game_conferences.................. [RUN]
[32m2022-04-20 21:24:09 -0400[0m - dagster - [34mINFO[0m - resource:dbt - b320f3f4-f455-48e8-b55b-9b3a0ec409be - run_dbt_dbt_nhl_analytics - 2 of 13 START incremental model DBT_ARYAN.stg_game_divisions.................... [RUN]
[32m2022-04-20 21:24:09 -0400[0m - dagster - [34mINFO[0m - resource:dbt - b320f3f4-f455-48e8-b55b-9b3a0ec409be - run_dbt_dbt_nhl_analytics - 3 of 13 START incremental model DBT_ARYAN.stg_game_events....................... [RUN]
[32m2022-04-20 21:24:09 -0400[0m - dagster - [34mINFO[0m - resource:dbt - b320f3f4-f455-48e8-b55b-9b3a0ec409be - run_dbt_dbt_nhl_analytics - 4 of 13 START incremental model DBT_ARYAN.stg_game_events_players............... [RUN]
[32m2022-04-20 21:24:09 -0400[0m - dagster - [34mINFO[0m - resource:dbt - b320f3f4-f455-48e8-b55b-9b3a0ec409be - run_dbt_dbt_nhl_analytics - 5 of 13 START incremental model DBT_ARYAN.stg_game_metadata..................... [RUN]
[32m2022-04-20 21:24:09 -0400[0m - dagster - [34mINFO[0m - resource:dbt - b320f3f4-f455-48e8-b55b-9b3a0ec409be - run_dbt_dbt_nhl_analytics - 6 of 13 START incremental model DBT_ARYAN.stg_game_officials.................... [RUN]
[32m2022-04-20 21:24:09 -0400[0m - dagster - [34mINFO[0m - resource:dbt - b320f3f4-f455-48e8-b55b-9b3a0ec409be - run_dbt_dbt_nhl_analytics - 7 of 13 START incremental model DBT_ARYAN.stg_game_roster....................... [RUN]
[32m2022-04-20 21:24:09 -0400[0m - dagster - [34mINFO[0m - resource:dbt - b320f3f4-f455-48e8-b55b-9b3a0ec409be - run_dbt_dbt_nhl_analytics - 8 of 13 START incremental model DBT_ARYAN.stg_game_teams........................ [RUN]
[32m2022-04-20 21:24:09 -0400[0m - dagster - [34mINFO[0m - resource:dbt - b320f3f4-f455-48e8-b55b-9b3a0ec409be - run_dbt_dbt_nhl_analytics - 9 of 13 START incremental model DBT_ARYAN.stg_game_venues....................... [RUN]
[32m2022-04-20 21:24:09 -0400[0m - dagster - [34mINFO[0m - resource:dbt - b320f3f4-f455-48e8-b55b-9b3a0ec409be - run_dbt_dbt_nhl_analytics - 10 of 13 START incremental model DBT_ARYAN.stg_player_demographics.............. [RUN]
[32m2022-04-20 21:24:15 -0400[0m - dagster - [34mINFO[0m - resource:dbt - b320f3f4-f455-48e8-b55b-9b3a0ec409be - run_dbt_dbt_nhl_analytics - 1 of 13 OK created incremental model DBT_ARYAN.stg_game_conferences............. [[32mSUCCESS 1[0m in 5.86s]
[32m2022-04-20 21:24:15 -0400[0m - dagster - [34mINFO[0m - resource:dbt - b320f3f4-f455-48e8-b55b-9b3a0ec409be - run_dbt_dbt_nhl_analytics - 2 of 13 OK created incremental model DBT_ARYAN.stg_game_divisions............... [[32mSUCCESS 1[0m in 5.89s]
[32m2022-04-20 21:24:15 -0400[0m - dagster - [34mINFO[0m - resource:dbt - b320f3f4-f455-48e8-b55b-9b3a0ec409be - run_dbt_dbt_nhl_analytics - 4 of 13 OK created incremental model DBT_ARYAN.stg_game_events_players.......... [[32mSUCCESS 1[0m in 6.44s]
[32m2022-04-20 21:24:15 -0400[0m - dagster - [34mINFO[0m - resource:dbt - b320f3f4-f455-48e8-b55b-9b3a0ec409be - run_dbt_dbt_nhl_analytics - 9 of 13 OK created incremental model DBT_ARYAN.stg_game_venues.................. [[32mSUCCESS 1[0m in 6.73s]
[32m2022-04-20 21:24:16 -0400[0m - dagster - [34mINFO[0m - resource:dbt - b320f3f4-f455-48e8-b55b-9b3a0ec409be - run_dbt_dbt_nhl_analytics - 5 of 13 OK created incremental model DBT_ARYAN.stg_game_metadata................ [[32mSUCCESS 1[0m in 7.11s]
[32m2022-04-20 21:24:16 -0400[0m - dagster - [34mINFO[0m - resource:dbt - b320f3f4-f455-48e8-b55b-9b3a0ec409be - run_dbt_dbt_nhl_analytics - 10 of 13 OK created incremental model DBT_ARYAN.stg_player_demographics......... [[32mSUCCESS 1[0m in 7.13s]
[32m2022-04-20 21:24:16 -0400[0m - dagster - [34mINFO[0m - resource:dbt - b320f3f4-f455-48e8-b55b-9b3a0ec409be - run_dbt_dbt_nhl_analytics - 7 of 13 OK created incremental model DBT_ARYAN.stg_game_roster.................. [[32mSUCCESS 1[0m in 7.48s]
[32m2022-04-20 21:24:16 -0400[0m - dagster - [34mINFO[0m - resource:dbt - b320f3f4-f455-48e8-b55b-9b3a0ec409be - run_dbt_dbt_nhl_analytics - 8 of 13 OK created incremental model DBT_ARYAN.stg_game_teams................... [[32mSUCCESS 1[0m in 7.64s]
[32m2022-04-20 21:24:16 -0400[0m - dagster - [34mINFO[0m - resource:dbt - b320f3f4-f455-48e8-b55b-9b3a0ec409be - run_dbt_dbt_nhl_analytics - 6 of 13 OK created incremental model DBT_ARYAN.stg_game_officials............... [[32mSUCCESS 1[0m in 7.74s]
[32m2022-04-20 21:24:17 -0400[0m - dagster - [34mINFO[0m - resource:dbt - b320f3f4-f455-48e8-b55b-9b3a0ec409be - run_dbt_dbt_nhl_analytics - 3 of 13 OK created incremental model DBT_ARYAN.stg_game_events.................. [[32mSUCCESS 1[0m in 8.61s]
[32m2022-04-20 21:24:17 -0400[0m - dagster - [34mINFO[0m - resource:dbt - b320f3f4-f455-48e8-b55b-9b3a0ec409be - run_dbt_dbt_nhl_analytics - 11 of 13 START incremental model DBT_ARYAN.stg_game_player_stats................ [RUN]
[32m2022-04-20 21:24:22 -0400[0m - dagster - [34mINFO[0m - resource:dbt - b320f3f4-f455-48e8-b55b-9b3a0ec409be - run_dbt_dbt_nhl_analytics - 11 of 13 OK created incremental model DBT_ARYAN.stg_game_player_stats........... [[32mSUCCESS 1[0m in 4.56s]
[32m2022-04-20 21:24:22 -0400[0m - dagster - [34mINFO[0m - resource:dbt - b320f3f4-f455-48e8-b55b-9b3a0ec409be - run_dbt_dbt_nhl_analytics - 12 of 13 START incremental model DBT_ARYAN.m_game_player_stats.................. [RUN]
[32m2022-04-20 21:24:29 -0400[0m - dagster - [34mINFO[0m - resource:dbt - b320f3f4-f455-48e8-b55b-9b3a0ec409be - run_dbt_dbt_nhl_analytics - 12 of 13 OK created incremental model DBT_ARYAN.m_game_player_stats............. [[32mSUCCESS 1[0m in 6.94s]
[32m2022-04-20 21:24:29 -0400[0m - dagster - [34mINFO[0m - resource:dbt - b320f3f4-f455-48e8-b55b-9b3a0ec409be - run_dbt_dbt_nhl_analytics - 13 of 13 START incremental model DBT_ARYAN.m_game_finals........................ [RUN]
[32m2022-04-20 21:24:34 -0400[0m - dagster - [34mINFO[0m - resource:dbt - b320f3f4-f455-48e8-b55b-9b3a0ec409be - run_dbt_dbt_nhl_analytics - 13 of 13 OK created incremental model DBT_ARYAN.m_game_finals................... [[32mSUCCESS 1[0m in 4.81s]
[32m2022-04-20 21:24:34 -0400[0m - dagster - [34mINFO[0m - resource:dbt - b320f3f4-f455-48e8-b55b-9b3a0ec409be - run_dbt_dbt_nhl_analytics - Finished running 13 incremental models in 27.97s.
[32m2022-04-20 21:24:34 -0400[0m - dagster - [34mINFO[0m - resource:dbt - b320f3f4-f455-48e8-b55b-9b3a0ec409be - run_dbt_dbt_nhl_analytics - [32mCompleted successfully[0m
[32m2022-04-20 21:24:34 -0400[0m - dagster - [34mINFO[0m - resource:dbt - b320f3f4-f455-48e8-b55b-9b3a0ec409be - run_dbt_dbt_nhl_analytics - Done. PASS=13 WARN=0 ERROR=0 SKIP=0 TOTAL=13
[32m2022-04-20 21:24:35 -0400[0m - dagster - [34mINFO[0m - resource:dbt - b320f3f4-f455-48e8-b55b-9b3a0ec409be - run_dbt_dbt_nhl_analytics - dbt exited with return code 0
[32m2022-04-20 21:24:35 -0400[0m - dagster - [34mDEBUG[0m - dbt_transforms - b320f3f4-f455-48e8-b55b-9b3a0ec409be - 47358 - run_dbt_dbt_nhl_analytics - STEP_OUTPUT - Yielded output "stg_game_conferences" of type "Any". (Type check passed).
[32m2022-04-20 21:24:35 -0400[0m - dagster - [34mDEBUG[0m - dbt_transforms - b320f3f4-f455-48e8-b55b-9b3a0ec409be - 47358 - run_dbt_dbt_nhl_analytics - ASSET_MATERIALIZATION - Materialized value stg_game_conferences.
[32m2022-04-20 21:24:35 -0400[0m - dagster - [34mDEBUG[0m - dbt_transforms - b320f3f4-f455-48e8-b55b-9b3a0ec409be - 47358 - run_dbt_dbt_nhl_analytics - HANDLED_OUTPUT - Handled output "stg_game_conferences" using IO manager "io_manager"
[32m2022-04-20 21:24:35 -0400[0m - dagster - [34mDEBUG[0m - dbt_transforms - b320f3f4-f455-48e8-b55b-9b3a0ec409be - 47358 - run_dbt_dbt_nhl_analytics - STEP_OUTPUT - Yielded output "stg_game_divisions" of type "Any". (Type check passed).
[32m2022-04-20 21:24:35 -0400[0m - dagster - [34mDEBUG[0m - dbt_transforms - b320f3f4-f455-48e8-b55b-9b3a0ec409be - 47358 - run_dbt_dbt_nhl_analytics - ASSET_MATERIALIZATION - Materialized value stg_game_divisions.
[32m2022-04-20 21:24:35 -0400[0m - dagster - [34mDEBUG[0m - dbt_transforms - b320f3f4-f455-48e8-b55b-9b3a0ec409be - 47358 - run_dbt_dbt_nhl_analytics - HANDLED_OUTPUT - Handled output "stg_game_divisions" using IO manager "io_manager"
[32m2022-04-20 21:24:35 -0400[0m - dagster - [34mDEBUG[0m - dbt_transforms - b320f3f4-f455-48e8-b55b-9b3a0ec409be - 47358 - run_dbt_dbt_nhl_analytics - STEP_OUTPUT - Yielded output "stg_game_events_players" of type "Any". (Type check passed).
[32m2022-04-20 21:24:35 -0400[0m - dagster - [34mDEBUG[0m - dbt_transforms - b320f3f4-f455-48e8-b55b-9b3a0ec409be - 47358 - run_dbt_dbt_nhl_analytics - ASSET_MATERIALIZATION - Materialized value stg_game_events_players.
[32m2022-04-20 21:24:35 -0400[0m - dagster - [34mDEBUG[0m - dbt_transforms - b320f3f4-f455-48e8-b55b-9b3a0ec409be - 47358 - run_dbt_dbt_nhl_analytics - HANDLED_OUTPUT - Handled output "stg_game_events_players" using IO manager "io_manager"
[32m2022-04-20 21:24:35 -0400[0m - dagster - [34mDEBUG[0m - dbt_transforms - b320f3f4-f455-48e8-b55b-9b3a0ec409be - 47358 - run_dbt_dbt_nhl_analytics - STEP_OUTPUT - Yielded output "stg_game_venues" of type "Any". (Type check passed).
[32m2022-04-20 21:24:35 -0400[0m - dagster - [34mDEBUG[0m - dbt_transforms - b320f3f4-f455-48e8-b55b-9b3a0ec409be - 47358 - run_dbt_dbt_nhl_analytics - ASSET_MATERIALIZATION - Materialized value stg_game_venues.
[32m2022-04-20 21:24:35 -0400[0m - dagster - [34mDEBUG[0m - dbt_transforms - b320f3f4-f455-48e8-b55b-9b3a0ec409be - 47358 - run_dbt_dbt_nhl_analytics - HANDLED_OUTPUT - Handled output "stg_game_venues" using IO manager "io_manager"
[32m2022-04-20 21:24:35 -0400[0m - dagster - [34mDEBUG[0m - dbt_transforms - b320f3f4-f455-48e8-b55b-9b3a0ec409be - 47358 - run_dbt_dbt_nhl_analytics - STEP_OUTPUT - Yielded output "stg_game_metadata" of type "Any". (Type check passed).
[32m2022-04-20 21:24:35 -0400[0m - dagster - [34mDEBUG[0m - dbt_transforms - b320f3f4-f455-48e8-b55b-9b3a0ec409be - 47358 - run_dbt_dbt_nhl_analytics - ASSET_MATERIALIZATION - Materialized value stg_game_metadata.
[32m2022-04-20 21:24:35 -0400[0m - dagster - [34mDEBUG[0m - dbt_transforms - b320f3f4-f455-48e8-b55b-9b3a0ec409be - 47358 - run_dbt_dbt_nhl_analytics - HANDLED_OUTPUT - Handled output "stg_game_metadata" using IO manager "io_manager"
[32m2022-04-20 21:24:35 -0400[0m - dagster - [34mDEBUG[0m - dbt_transforms - b320f3f4-f455-48e8-b55b-9b3a0ec409be - 47358 - run_dbt_dbt_nhl_analytics - STEP_OUTPUT - Yielded output "stg_player_demographics" of type "Any". (Type check passed).
[32m2022-04-20 21:24:35 -0400[0m - dagster - [34mDEBUG[0m - dbt_transforms - b320f3f4-f455-48e8-b55b-9b3a0ec409be - 47358 - run_dbt_dbt_nhl_analytics - ASSET_MATERIALIZATION - Materialized value stg_player_demographics.
[32m2022-04-20 21:24:35 -0400[0m - dagster - [34mDEBUG[0m - dbt_transforms - b320f3f4-f455-48e8-b55b-9b3a0ec409be - 47358 - run_dbt_dbt_nhl_analytics - HANDLED_OUTPUT - Handled output "stg_player_demographics" using IO manager "io_manager"
[32m2022-04-20 21:24:35 -0400[0m - dagster - [34mDEBUG[0m - dbt_transforms - b320f3f4-f455-48e8-b55b-9b3a0ec409be - 47358 - run_dbt_dbt_nhl_analytics - STEP_OUTPUT - Yielded output "stg_game_roster" of type "Any". (Type check passed).
[32m2022-04-20 21:24:35 -0400[0m - dagster - [34mDEBUG[0m - dbt_transforms - b320f3f4-f455-48e8-b55b-9b3a0ec409be - 47358 - run_dbt_dbt_nhl_analytics - ASSET_MATERIALIZATION - Materialized value stg_game_roster.
[32m2022-04-20 21:24:35 -0400[0m - dagster - [34mDEBUG[0m - dbt_transforms - b320f3f4-f455-48e8-b55b-9b3a0ec409be - 47358 - run_dbt_dbt_nhl_analytics - HANDLED_OUTPUT - Handled output "stg_game_roster" using IO manager "io_manager"
[32m2022-04-20 21:24:35 -0400[0m - dagster - [34mDEBUG[0m - dbt_transforms - b320f3f4-f455-48e8-b55b-9b3a0ec409be - 47358 - run_dbt_dbt_nhl_analytics - STEP_OUTPUT - Yielded output "stg_game_teams" of type "Any". (Type check passed).
[32m2022-04-20 21:24:35 -0400[0m - dagster - [34mDEBUG[0m - dbt_transforms - b320f3f4-f455-48e8-b55b-9b3a0ec409be - 47358 - run_dbt_dbt_nhl_analytics - ASSET_MATERIALIZATION - Materialized value stg_game_teams.
[32m2022-04-20 21:24:35 -0400[0m - dagster - [34mDEBUG[0m - dbt_transforms - b320f3f4-f455-48e8-b55b-9b3a0ec409be - 47358 - run_dbt_dbt_nhl_analytics - HANDLED_OUTPUT - Handled output "stg_game_teams" using IO manager "io_manager"
[32m2022-04-20 21:24:35 -0400[0m - dagster - [34mDEBUG[0m - dbt_transforms - b320f3f4-f455-48e8-b55b-9b3a0ec409be - 47358 - run_dbt_dbt_nhl_analytics - STEP_OUTPUT - Yielded output "stg_game_officials" of type "Any". (Type check passed).
[32m2022-04-20 21:24:35 -0400[0m - dagster - [34mDEBUG[0m - dbt_transforms - b320f3f4-f455-48e8-b55b-9b3a0ec409be - 47358 - run_dbt_dbt_nhl_analytics - ASSET_MATERIALIZATION - Materialized value stg_game_officials.
[32m2022-04-20 21:24:35 -0400[0m - dagster - [34mDEBUG[0m - dbt_transforms - b320f3f4-f455-48e8-b55b-9b3a0ec409be - 47358 - run_dbt_dbt_nhl_analytics - HANDLED_OUTPUT - Handled output "stg_game_officials" using IO manager "io_manager"
[32m2022-04-20 21:24:35 -0400[0m - dagster - [34mDEBUG[0m - dbt_transforms - b320f3f4-f455-48e8-b55b-9b3a0ec409be - 47358 - run_dbt_dbt_nhl_analytics - STEP_OUTPUT - Yielded output "stg_game_events" of type "Any". (Type check passed).
[32m2022-04-20 21:24:35 -0400[0m - dagster - [34mDEBUG[0m - dbt_transforms - b320f3f4-f455-48e8-b55b-9b3a0ec409be - 47358 - run_dbt_dbt_nhl_analytics - ASSET_MATERIALIZATION - Materialized value stg_game_events.
[32m2022-04-20 21:24:35 -0400[0m - dagster - [34mDEBUG[0m - dbt_transforms - b320f3f4-f455-48e8-b55b-9b3a0ec409be - 47358 - run_dbt_dbt_nhl_analytics - HANDLED_OUTPUT - Handled output "stg_game_events" using IO manager "io_manager"
[32m2022-04-20 21:24:35 -0400[0m - dagster - [34mDEBUG[0m - dbt_transforms - b320f3f4-f455-48e8-b55b-9b3a0ec409be - 47358 - run_dbt_dbt_nhl_analytics - STEP_OUTPUT - Yielded output "stg_game_player_stats" of type "Any". (Type check passed).
[32m2022-04-20 21:24:35 -0400[0m - dagster - [34mDEBUG[0m - dbt_transforms - b320f3f4-f455-48e8-b55b-9b3a0ec409be - 47358 - run_dbt_dbt_nhl_analytics - ASSET_MATERIALIZATION - Materialized value stg_game_player_stats.
[32m2022-04-20 21:24:35 -0400[0m - dagster - [34mDEBUG[0m - dbt_transforms - b320f3f4-f455-48e8-b55b-9b3a0ec409be - 47358 - run_dbt_dbt_nhl_analytics - HANDLED_OUTPUT - Handled output "stg_game_player_stats" using IO manager "io_manager"
[32m2022-04-20 21:24:35 -0400[0m - dagster - [34mDEBUG[0m - dbt_transforms - b320f3f4-f455-48e8-b55b-9b3a0ec409be - 47358 - run_dbt_dbt_nhl_analytics - STEP_OUTPUT - Yielded output "m_game_player_stats" of type "Any". (Type check passed).
[32m2022-04-20 21:24:35 -0400[0m - dagster - [34mDEBUG[0m - dbt_transforms - b320f3f4-f455-48e8-b55b-9b3a0ec409be - 47358 - run_dbt_dbt_nhl_analytics - ASSET_MATERIALIZATION - Materialized value m_game_player_stats.
[32m2022-04-20 21:24:35 -0400[0m - dagster - [34mDEBUG[0m - dbt_transforms - b320f3f4-f455-48e8-b55b-9b3a0ec409be - 47358 - run_dbt_dbt_nhl_analytics - HANDLED_OUTPUT - Handled output "m_game_player_stats" using IO manager "io_manager"
[32m2022-04-20 21:24:35 -0400[0m - dagster - [34mDEBUG[0m - dbt_transforms - b320f3f4-f455-48e8-b55b-9b3a0ec409be - 47358 - run_dbt_dbt_nhl_analytics - STEP_OUTPUT - Yielded output "m_game_finals" of type "Any". (Type check passed).
[32m2022-04-20 21:24:35 -0400[0m - dagster - [34mDEBUG[0m - dbt_transforms - b320f3f4-f455-48e8-b55b-9b3a0ec409be - 47358 - run_dbt_dbt_nhl_analytics - ASSET_MATERIALIZATION - Materialized value m_game_finals.
[32m2022-04-20 21:24:35 -0400[0m - dagster - [34mDEBUG[0m - dbt_transforms - b320f3f4-f455-48e8-b55b-9b3a0ec409be - 47358 - run_dbt_dbt_nhl_analytics - HANDLED_OUTPUT - Handled output "m_game_finals" using IO manager "io_manager"
[32m2022-04-20 21:24:35 -0400[0m - dagster - [34mDEBUG[0m - dbt_transforms - b320f3f4-f455-48e8-b55b-9b3a0ec409be - 47358 - run_dbt_dbt_nhl_analytics - STEP_SUCCESS - Finished execution of step "run_dbt_dbt_nhl_analytics" in 34.79s.
